F:\CudaCCv2\CudaCCV\CudaCCV\Debug\api.cu.obj
F:\CudaCCv2\CudaCCV\CudaCCV\Debug\cl.command.1.tlog
F:\CudaCCv2\CudaCCV\CudaCCV\Debug\CL.read.1.tlog
F:\CudaCCv2\CudaCCV\CudaCCV\Debug\CL.write.1.tlog
F:\CUDACCV2\CUDACCV\CUDACCV\DEBUG\CUDACCV.EXE.INTERMEDIATE.MANIFEST
F:\CudaCCv2\CudaCCV\CudaCCV\Debug\gpu_amplify.cu.obj
F:\CudaCCv2\CudaCCV\CudaCCV\Debug\gpu_blob (another copy).cu.obj
F:\CudaCCv2\CudaCCV\CudaCCV\Debug\gpu_blob (copy).cu.obj
F:\CudaCCv2\CudaCCV\CudaCCV\Debug\gpu_blob.cu.obj
F:\CudaCCv2\CudaCCV\CudaCCV\Debug\gpu_blob_withcpu_centroid.cu.obj
F:\CudaCCv2\CudaCCV\CudaCCV\Debug\gpu_blur_tex.cu.obj
F:\CudaCCv2\CudaCCV\CudaCCV\Debug\gpu_grayscale.cu.obj
F:\CudaCCv2\CudaCCV\CudaCCV\Debug\gpu_sub.cu.obj
F:\CudaCCv2\CudaCCV\CudaCCV\Debug\gpu_threshold.cu.obj
F:\CudaCCv2\CudaCCV\CudaCCV\Debug\link.command.1.tlog
F:\CudaCCv2\CudaCCV\CudaCCV\Debug\link.read.1.tlog
F:\CudaCCv2\CudaCCV\CudaCCV\Debug\link.write.1.tlog
F:\CUDACCV2\CUDACCV\CUDACCV\DEBUG\MAIN.OBJ
F:\CudaCCv2\CudaCCV\CudaCCV\Debug\mt.command.1.tlog
F:\CudaCCv2\CudaCCV\CudaCCV\Debug\mt.read.1.tlog
F:\CudaCCv2\CudaCCV\CudaCCV\Debug\mt.write.1.tlog
F:\CudaCCv2\CudaCCV\CudaCCV\Debug\vc90.idb
F:\CUDACCV2\CUDACCV\CUDACCV\DEBUG\VC90.PDB
F:\CUDACCV2\CUDACCV\DEBUG\CUDACCV.EXE
F:\CUDACCV2\CUDACCV\DEBUG\CUDACCV.ILK
F:\CUDACCV2\CUDACCV\DEBUG\CUDACCV.PDB
