Build started 8/10/2011 4:36:33 PM.
     1>Project "F:\CudaCCv2\CudaCCV\CudaCCV\CudaCCV.vcxproj" on node 2 (build target(s)).
     1>InitializeBuildStatus:
         Creating "Debug\CudaCCV.unsuccessfulbuild" because "AlwaysCreate" was specified.
       AddCudaCompileDeps:
         C:\Program Files\Microsoft Visual Studio 9.0\VC\bin\cl.exe /E /nologo /showIncludes /TP /I"C:\Program Files\NVIDIA GPU Computing Toolkit\CUDA\v3.2\bin" /I"C:\Program Files\NVIDIA GPU Computing Toolkit\CUDA\v3.2\include" /I. /FIcuda_runtime.h /c F:\CudaCCv2\CudaCCV\CudaCCV\Amplify\gpu_amplify.cu 
       AddCudaCompileDeps:
         C:\Program Files\Microsoft Visual Studio 9.0\VC\bin\cl.exe /E /nologo /showIncludes /TP /I"C:\Program Files\NVIDIA GPU Computing Toolkit\CUDA\v3.2\bin" /I"C:\Program Files\NVIDIA GPU Computing Toolkit\CUDA\v3.2\include" /I. /FIcuda_runtime.h /c F:\CudaCCv2\CudaCCV\CudaCCV\API\api.cu 
       AddCudaCompileDeps:
         C:\Program Files\Microsoft Visual Studio 9.0\VC\bin\cl.exe /E /nologo /showIncludes /TP /I"C:\Program Files\NVIDIA GPU Computing Toolkit\CUDA\v3.2\bin" /I"C:\Program Files\NVIDIA GPU Computing Toolkit\CUDA\v3.2\include" /I. /FIcuda_runtime.h /c F:\CudaCCv2\CudaCCV\CudaCCV\BgSub\gpu_sub.cu 
       AddCudaCompileDeps:
         C:\Program Files\Microsoft Visual Studio 9.0\VC\bin\cl.exe /E /nologo /showIncludes /TP /I"C:\Program Files\NVIDIA GPU Computing Toolkit\CUDA\v3.2\bin" /I"C:\Program Files\NVIDIA GPU Computing Toolkit\CUDA\v3.2\include" /I. /FIcuda_runtime.h /c F:\CudaCCv2\CudaCCV\CudaCCV\Blobs\gpu_blob.cu 
       AddCudaCompileDeps:
       Skipping target "AddCudaCompileDeps" because all output files are up-to-date with respect to the input files.
       AddCudaCompileDeps:
         C:\Program Files\Microsoft Visual Studio 9.0\VC\bin\cl.exe /E /nologo /showIncludes /TP /I"C:\Program Files\NVIDIA GPU Computing Toolkit\CUDA\v3.2\bin" /I"C:\Program Files\NVIDIA GPU Computing Toolkit\CUDA\v3.2\include" /I. /FIcuda_runtime.h /c F:\CudaCCv2\CudaCCV\CudaCCV\Grayscale\gpu_grayscale.cu 
       AddCudaCompileDeps:
         C:\Program Files\Microsoft Visual Studio 9.0\VC\bin\cl.exe /E /nologo /showIncludes /TP /I"C:\Program Files\NVIDIA GPU Computing Toolkit\CUDA\v3.2\bin" /I"C:\Program Files\NVIDIA GPU Computing Toolkit\CUDA\v3.2\include" /I. /FIcuda_runtime.h /c F:\CudaCCv2\CudaCCV\CudaCCV\Threshold\gpu_threshold.cu 
       CudaBuild:
         Compiling CUDA source file Amplify\gpu_amplify.cu...
         cmd.exe /C "C:\Users\Remal\AppData\Local\Temp\4fb53e655b64427c814b0d73b905ee24.cmd"
         "C:\Program Files\NVIDIA GPU Computing Toolkit\CUDA\v3.2\bin\nvcc.exe" -gencode=arch=compute_13,code=\"sm_13,compute_13\" --use-local-env --cl-version 2008 -ccbin "C:\Program Files\Microsoft Visual Studio 9.0\VC\bin"  -I"C:\Program Files\NVIDIA GPU Computing Toolkit\CUDA\v3.2\include"  -G0  --keep-dir "Debug" -maxrregcount=32  --machine 32 --compile  -D_NEXUS_DEBUG -g    -Xcompiler "/EHsc /nologo /Od /Zi  /MDd " -o "Debug\gpu_amplify.cu.obj" "F:\CudaCCv2\CudaCCV\CudaCCV\Amplify\gpu_amplify.cu"
         
         F:\CudaCCv2\CudaCCV\CudaCCV>"C:\Program Files\NVIDIA GPU Computing Toolkit\CUDA\v3.2\bin\nvcc.exe" -gencode=arch=compute_13,code=\"sm_13,compute_13\" --use-local-env --cl-version 2008 -ccbin "C:\Program Files\Microsoft Visual Studio 9.0\VC\bin"  -I"C:\Program Files\NVIDIA GPU Computing Toolkit\CUDA\v3.2\include"  -G0  --keep-dir "Debug" -maxrregcount=32  --machine 32 --compile  -D_NEXUS_DEBUG -g    -Xcompiler "/EHsc /nologo /Od /Zi  /MDd " -o "Debug\gpu_amplify.cu.obj" "F:\CudaCCv2\CudaCCV\CudaCCV\Amplify\gpu_amplify.cu" 
         gpu_amplify.cu
         tmpxft_0000172c_00000000-0_gpu_amplify.cudafe1.gpu
         tmpxft_0000172c_00000000-5_gpu_amplify.cudafe2.gpu
         gpu_amplify.cu
         tmpxft_0000172c_00000000-0_gpu_amplify.cudafe1.cpp
         tmpxft_0000172c_00000000-11_gpu_amplify.ii
       CudaBuild:
         Compiling CUDA source file API\api.cu...
         cmd.exe /C "C:\Users\Remal\AppData\Local\Temp\bfdc68e93f394ffeb21fa7fce2b8b324.cmd"
         "C:\Program Files\NVIDIA GPU Computing Toolkit\CUDA\v3.2\bin\nvcc.exe" -gencode=arch=compute_13,code=\"sm_13,compute_13\" --use-local-env --cl-version 2008 -ccbin "C:\Program Files\Microsoft Visual Studio 9.0\VC\bin"  -I"C:\Program Files\NVIDIA GPU Computing Toolkit\CUDA\v3.2\include"  -G0  --keep-dir "Debug" -maxrregcount=32  --machine 32 --compile  -D_NEXUS_DEBUG -g    -Xcompiler "/EHsc /nologo /Od /Zi  /MDd " -o "Debug\api.cu.obj" "F:\CudaCCv2\CudaCCV\CudaCCV\API\api.cu"
         
         F:\CudaCCv2\CudaCCV\CudaCCV>"C:\Program Files\NVIDIA GPU Computing Toolkit\CUDA\v3.2\bin\nvcc.exe" -gencode=arch=compute_13,code=\"sm_13,compute_13\" --use-local-env --cl-version 2008 -ccbin "C:\Program Files\Microsoft Visual Studio 9.0\VC\bin"  -I"C:\Program Files\NVIDIA GPU Computing Toolkit\CUDA\v3.2\include"  -G0  --keep-dir "Debug" -maxrregcount=32  --machine 32 --compile  -D_NEXUS_DEBUG -g    -Xcompiler "/EHsc /nologo /Od /Zi  /MDd " -o "Debug\api.cu.obj" "F:\CudaCCv2\CudaCCV\CudaCCV\API\api.cu" 
         api.cu
     1>F:/CudaCCv2/CudaCCV/CudaCCV/API/api.cu(203): warning : variable "temp1" was declared but never referenced
         
     1>F:/CudaCCv2/CudaCCV/CudaCCV/API/api.cu(204): warning : variable "temp2" was declared but never referenced
         
     1>F:/CudaCCv2/CudaCCV/CudaCCV/API/api.cu(205): warning : variable "i" was declared but never referenced
         
         tmpxft_000007e8_00000000-0_api.cudafe1.gpu
         tmpxft_000007e8_00000000-5_api.cudafe2.gpu
         api.cu
     1>F:/CudaCCv2/CudaCCV/CudaCCV/API/api.cu(203): warning : variable "temp1" was declared but never referenced
         
     1>F:/CudaCCv2/CudaCCV/CudaCCV/API/api.cu(204): warning : variable "temp2" was declared but never referenced
         
     1>F:/CudaCCv2/CudaCCV/CudaCCV/API/api.cu(205): warning : variable "i" was declared but never referenced
         
         tmpxft_000007e8_00000000-0_api.cudafe1.cpp
         tmpxft_000007e8_00000000-11_api.ii
       CudaBuild:
         Compiling CUDA source file BgSub\gpu_sub.cu...
         cmd.exe /C "C:\Users\Remal\AppData\Local\Temp\1236463daa69461799996b21fce9bcc9.cmd"
         "C:\Program Files\NVIDIA GPU Computing Toolkit\CUDA\v3.2\bin\nvcc.exe" -gencode=arch=compute_13,code=\"sm_13,compute_13\" --use-local-env --cl-version 2008 -ccbin "C:\Program Files\Microsoft Visual Studio 9.0\VC\bin"  -I"C:\Program Files\NVIDIA GPU Computing Toolkit\CUDA\v3.2\include"  -G0  --keep-dir "Debug" -maxrregcount=32  --machine 32 --compile  -D_NEXUS_DEBUG -g    -Xcompiler "/EHsc /nologo /Od /Zi  /MDd " -o "Debug\gpu_sub.cu.obj" "F:\CudaCCv2\CudaCCV\CudaCCV\BgSub\gpu_sub.cu"
         
         F:\CudaCCv2\CudaCCV\CudaCCV>"C:\Program Files\NVIDIA GPU Computing Toolkit\CUDA\v3.2\bin\nvcc.exe" -gencode=arch=compute_13,code=\"sm_13,compute_13\" --use-local-env --cl-version 2008 -ccbin "C:\Program Files\Microsoft Visual Studio 9.0\VC\bin"  -I"C:\Program Files\NVIDIA GPU Computing Toolkit\CUDA\v3.2\include"  -G0  --keep-dir "Debug" -maxrregcount=32  --machine 32 --compile  -D_NEXUS_DEBUG -g    -Xcompiler "/EHsc /nologo /Od /Zi  /MDd " -o "Debug\gpu_sub.cu.obj" "F:\CudaCCv2\CudaCCV\CudaCCV\BgSub\gpu_sub.cu" 
         gpu_sub.cu
         tmpxft_00001168_00000000-0_gpu_sub.cudafe1.gpu
         tmpxft_00001168_00000000-5_gpu_sub.cudafe2.gpu
         gpu_sub.cu
         tmpxft_00001168_00000000-0_gpu_sub.cudafe1.cpp
         tmpxft_00001168_00000000-11_gpu_sub.ii
       CudaBuild:
         Compiling CUDA source file Blobs\gpu_blob.cu...
         cmd.exe /C "C:\Users\Remal\AppData\Local\Temp\fd7aa1674de84fb299f6f8e901547eda.cmd"
         "C:\Program Files\NVIDIA GPU Computing Toolkit\CUDA\v3.2\bin\nvcc.exe" -gencode=arch=compute_13,code=\"sm_13,compute_13\" --use-local-env --cl-version 2008 -ccbin "C:\Program Files\Microsoft Visual Studio 9.0\VC\bin"  -I"C:\Program Files\NVIDIA GPU Computing Toolkit\CUDA\v3.2\include"  -G0  --keep-dir "Debug" -maxrregcount=32  --machine 32 --compile  -D_NEXUS_DEBUG -g    -Xcompiler "/EHsc /nologo /Od /Zi  /MDd " -o "Debug\gpu_blob.cu.obj" "F:\CudaCCv2\CudaCCV\CudaCCV\Blobs\gpu_blob.cu"
         
         F:\CudaCCv2\CudaCCV\CudaCCV>"C:\Program Files\NVIDIA GPU Computing Toolkit\CUDA\v3.2\bin\nvcc.exe" -gencode=arch=compute_13,code=\"sm_13,compute_13\" --use-local-env --cl-version 2008 -ccbin "C:\Program Files\Microsoft Visual Studio 9.0\VC\bin"  -I"C:\Program Files\NVIDIA GPU Computing Toolkit\CUDA\v3.2\include"  -G0  --keep-dir "Debug" -maxrregcount=32  --machine 32 --compile  -D_NEXUS_DEBUG -g    -Xcompiler "/EHsc /nologo /Od /Zi  /MDd " -o "Debug\gpu_blob.cu.obj" "F:\CudaCCv2\CudaCCV\CudaCCV\Blobs\gpu_blob.cu" 
         gpu_blob.cu
     1>F:/CudaCCv2/CudaCCV/CudaCCV/Blobs/gpu_blob.cu(264): warning : variable "offset" was declared but never referenced
         
     1>F:/CudaCCv2/CudaCCV/CudaCCV/Blobs/gpu_blob.cu(389): warning : integer conversion resulted in a change of sign
         
     1>F:/CudaCCv2/CudaCCV/CudaCCV/Blobs/gpu_blob.cu(468): warning : variable "shSize_Offset" was declared but never referenced
         
         tmpxft_00001274_00000000-0_gpu_blob.cudafe1.gpu
         tmpxft_00001274_00000000-5_gpu_blob.cudafe2.gpu
         gpu_blob.cu
     1>F:/CudaCCv2/CudaCCV/CudaCCV/Blobs/gpu_blob.cu(264): warning : variable "offset" was declared but never referenced
         
     1>F:/CudaCCv2/CudaCCV/CudaCCV/Blobs/gpu_blob.cu(389): warning : integer conversion resulted in a change of sign
         
     1>F:/CudaCCv2/CudaCCV/CudaCCV/Blobs/gpu_blob.cu(468): warning : variable "shSize_Offset" was declared but never referenced
         
         tmpxft_00001274_00000000-0_gpu_blob.cudafe1.cpp
         tmpxft_00001274_00000000-11_gpu_blob.ii
       CudaBuild:
         Compiling CUDA source file GaussBlurTex\gpu_blur_tex.cu...
         cmd.exe /C "C:\Users\Remal\AppData\Local\Temp\5d8f4c69f4d44d2b8d6cf81998206003.cmd"
         "C:\Program Files\NVIDIA GPU Computing Toolkit\CUDA\v3.2\bin\nvcc.exe" -gencode=arch=compute_13,code=\"sm_13,compute_13\" --use-local-env --cl-version 2008 -ccbin "C:\Program Files\Microsoft Visual Studio 9.0\VC\bin"  -I"C:\Program Files\NVIDIA GPU Computing Toolkit\CUDA\v3.2\include"  -G0  --keep-dir "Debug" -maxrregcount=32  --machine 32 --compile  -D_NEXUS_DEBUG -g    -Xcompiler "/EHsc /nologo /Od /Zi  /MDd " -o "Debug\gpu_blur_tex.cu.obj" "F:\CudaCCv2\CudaCCV\CudaCCV\GaussBlurTex\gpu_blur_tex.cu"
         
         F:\CudaCCv2\CudaCCV\CudaCCV>"C:\Program Files\NVIDIA GPU Computing Toolkit\CUDA\v3.2\bin\nvcc.exe" -gencode=arch=compute_13,code=\"sm_13,compute_13\" --use-local-env --cl-version 2008 -ccbin "C:\Program Files\Microsoft Visual Studio 9.0\VC\bin"  -I"C:\Program Files\NVIDIA GPU Computing Toolkit\CUDA\v3.2\include"  -G0  --keep-dir "Debug" -maxrregcount=32  --machine 32 --compile  -D_NEXUS_DEBUG -g    -Xcompiler "/EHsc /nologo /Od /Zi  /MDd " -o "Debug\gpu_blur_tex.cu.obj" "F:\CudaCCv2\CudaCCV\CudaCCV\GaussBlurTex\gpu_blur_tex.cu" 
         gpu_blur_tex.cu
         tmpxft_00001304_00000000-0_gpu_blur_tex.cudafe1.gpu
         tmpxft_00001304_00000000-5_gpu_blur_tex.cudafe2.gpu
         gpu_blur_tex.cu
         tmpxft_00001304_00000000-0_gpu_blur_tex.cudafe1.cpp
         tmpxft_00001304_00000000-11_gpu_blur_tex.ii
       CudaBuild:
         Compiling CUDA source file Grayscale\gpu_grayscale.cu...
         cmd.exe /C "C:\Users\Remal\AppData\Local\Temp\eaef69576f38431ea6ba2d3f1fa14c9b.cmd"
         "C:\Program Files\NVIDIA GPU Computing Toolkit\CUDA\v3.2\bin\nvcc.exe" -gencode=arch=compute_13,code=\"sm_13,compute_13\" --use-local-env --cl-version 2008 -ccbin "C:\Program Files\Microsoft Visual Studio 9.0\VC\bin"  -I"C:\Program Files\NVIDIA GPU Computing Toolkit\CUDA\v3.2\include"  -G0  --keep-dir "Debug" -maxrregcount=32  --machine 32 --compile  -D_NEXUS_DEBUG -g    -Xcompiler "/EHsc /nologo /Od /Zi  /MDd " -o "Debug\gpu_grayscale.cu.obj" "F:\CudaCCv2\CudaCCV\CudaCCV\Grayscale\gpu_grayscale.cu"
         
         F:\CudaCCv2\CudaCCV\CudaCCV>"C:\Program Files\NVIDIA GPU Computing Toolkit\CUDA\v3.2\bin\nvcc.exe" -gencode=arch=compute_13,code=\"sm_13,compute_13\" --use-local-env --cl-version 2008 -ccbin "C:\Program Files\Microsoft Visual Studio 9.0\VC\bin"  -I"C:\Program Files\NVIDIA GPU Computing Toolkit\CUDA\v3.2\include"  -G0  --keep-dir "Debug" -maxrregcount=32  --machine 32 --compile  -D_NEXUS_DEBUG -g    -Xcompiler "/EHsc /nologo /Od /Zi  /MDd " -o "Debug\gpu_grayscale.cu.obj" "F:\CudaCCv2\CudaCCV\CudaCCV\Grayscale\gpu_grayscale.cu" 
         gpu_grayscale.cu
         tmpxft_000013d0_00000000-0_gpu_grayscale.cudafe1.gpu
         tmpxft_000013d0_00000000-5_gpu_grayscale.cudafe2.gpu
         gpu_grayscale.cu
         tmpxft_000013d0_00000000-0_gpu_grayscale.cudafe1.cpp
         tmpxft_000013d0_00000000-11_gpu_grayscale.ii
       CudaBuild:
         Compiling CUDA source file Threshold\gpu_threshold.cu...
         cmd.exe /C "C:\Users\Remal\AppData\Local\Temp\e11444269809410c9bcabde07288607f.cmd"
         "C:\Program Files\NVIDIA GPU Computing Toolkit\CUDA\v3.2\bin\nvcc.exe" -gencode=arch=compute_13,code=\"sm_13,compute_13\" --use-local-env --cl-version 2008 -ccbin "C:\Program Files\Microsoft Visual Studio 9.0\VC\bin"  -I"C:\Program Files\NVIDIA GPU Computing Toolkit\CUDA\v3.2\include"  -G0  --keep-dir "Debug" -maxrregcount=32  --machine 32 --compile  -D_NEXUS_DEBUG -g    -Xcompiler "/EHsc /nologo /Od /Zi  /MDd " -o "Debug\gpu_threshold.cu.obj" "F:\CudaCCv2\CudaCCV\CudaCCV\Threshold\gpu_threshold.cu"
         
         F:\CudaCCv2\CudaCCV\CudaCCV>"C:\Program Files\NVIDIA GPU Computing Toolkit\CUDA\v3.2\bin\nvcc.exe" -gencode=arch=compute_13,code=\"sm_13,compute_13\" --use-local-env --cl-version 2008 -ccbin "C:\Program Files\Microsoft Visual Studio 9.0\VC\bin"  -I"C:\Program Files\NVIDIA GPU Computing Toolkit\CUDA\v3.2\include"  -G0  --keep-dir "Debug" -maxrregcount=32  --machine 32 --compile  -D_NEXUS_DEBUG -g    -Xcompiler "/EHsc /nologo /Od /Zi  /MDd " -o "Debug\gpu_threshold.cu.obj" "F:\CudaCCv2\CudaCCV\CudaCCV\Threshold\gpu_threshold.cu" 
         gpu_threshold.cu
         tmpxft_000017a0_00000000-0_gpu_threshold.cudafe1.gpu
         tmpxft_000017a0_00000000-5_gpu_threshold.cudafe2.gpu
         gpu_threshold.cu
         tmpxft_000017a0_00000000-0_gpu_threshold.cudafe1.cpp
         tmpxft_000017a0_00000000-11_gpu_threshold.ii
       ClCompile:
         All outputs are up-to-date.
       Link:
         C:\Program Files\Microsoft Visual Studio 9.0\VC\bin\link.exe /ERRORREPORT:PROMPT /OUT:"F:\CudaCCv2\CudaCCV\Debug\CudaCCV.exe" /NOLOGO /LIBPATH:"C:\Program Files\NVIDIA GPU Computing Toolkit\CUDA\v3.2\lib\Win32" cudart.lib C:\OpenCV2.2\lib\opencv_core220d.lib C:\OpenCV2.2\lib\opencv_highgui220d.lib C:\OpenCV2.2\lib\opencv_video220d.lib C:\OpenCV2.2\lib\opencv_ml220d.lib C:\OpenCV2.2\lib\opencv_legacy220d.lib C:\OpenCV2.2\lib\opencv_imgproc220d.lib kernel32.lib user32.lib gdi32.lib winspool.lib comdlg32.lib advapi32.lib shell32.lib ole32.lib oleaut32.lib uuid.lib odbc32.lib odbccp32.lib /MANIFEST /ManifestFile:"Debug\CudaCCV.exe.intermediate.manifest" /MANIFESTUAC:"level='asInvoker' uiAccess='false'" /DEBUG /PDB:"F:\CudaCCv2\CudaCCV\Debug\CudaCCV.pdb" /TLBID:1 /DYNAMICBASE /NXCOMPAT /IMPLIB:"F:\CudaCCv2\CudaCCV\Debug\CudaCCV.lib" /MACHINE:X86 Debug\gpu_amplify.cu.obj
         Debug\api.cu.obj
         Debug\gpu_sub.cu.obj
         Debug\gpu_blob.cu.obj
         Debug\gpu_blur_tex.cu.obj
         Debug\gpu_grayscale.cu.obj
         Debug\gpu_threshold.cu.obj
         Debug\main.obj
         LINK : F:\CudaCCv2\CudaCCV\Debug\CudaCCV.exe not found or not built by the last incremental link; performing full link
         CudaCCV.vcxproj -> F:\CudaCCv2\CudaCCV\Debug\CudaCCV.exe
       Manifest:
         C:\Program Files\Microsoft SDKs\Windows\v6.0A\bin\mt.exe /nologo /verbose /outputresource:"F:\CudaCCv2\CudaCCV\Debug\CudaCCV.exe;#1" /manifest Debug\CudaCCV.exe.intermediate.manifest
       FinalizeBuildStatus:
         Deleting file "Debug\CudaCCV.unsuccessfulbuild".
         Touching "Debug\CudaCCV.lastbuildstate".
     1>Done Building Project "F:\CudaCCv2\CudaCCV\CudaCCV\CudaCCV.vcxproj" (build target(s)).

Build succeeded.

Time Elapsed 00:00:30.29
